app/build/intermediates/manifest_merge_blame_file/debug/manifest-merger-blame-debug-report.txt
1<?xml version="1.0" encoding="utf-8"?>
2<manifest xmlns:android="http://schemas.android.com/apk/res/android"
3    package="com.example.weboverlay"
4    android:versionCode="1"
5    android:versionName="1.0" >
6
7    <uses-sdk
8        android:minSdkVersion="24"
8-->src/main/AndroidManifest.xml
9        android:targetSdkVersion="33" />
9-->src/main/AndroidManifest.xml
10
11    <!-- Internet permissions for WebView and Xibo CMS communication -->
12    <uses-permission android:name="android.permission.INTERNET" />
12-->src/main/AndroidManifest.xml:5:5-67
12-->src/main/AndroidManifest.xml:5:22-64
13    <uses-permission android:name="android.permission.ACCESS_NETWORK_STATE" />
13-->src/main/AndroidManifest.xml:6:5-79
13-->src/main/AndroidManifest.xml:6:22-76
14
15    <!-- Overlay permissions -->
16    <uses-permission android:name="android.permission.SYSTEM_ALERT_WINDOW" />
16-->src/main/AndroidManifest.xml:9:5-78
16-->src/main/AndroidManifest.xml:9:22-75
17
18    <!-- Foreground service permissions -->
19    <uses-permission android:name="android.permission.FOREGROUND_SERVICE" />
19-->src/main/AndroidManifest.xml:12:5-77
19-->src/main/AndroidManifest.xml:12:22-74
20
21    <!-- Camera permissions for HDMI input (treated as camera source) -->
22    <uses-permission android:name="android.permission.CAMERA" />
22-->src/main/AndroidManifest.xml:15:5-65
22-->src/main/AndroidManifest.xml:15:22-62
23
24    <!-- Wake lock to keep screen on -->
25    <uses-permission android:name="android.permission.WAKE_LOCK" />
25-->src/main/AndroidManifest.xml:18:5-68
25-->src/main/AndroidManifest.xml:18:22-65
26
27    <!-- Start on boot permission -->
28    <uses-permission android:name="android.permission.RECEIVE_BOOT_COMPLETED" />
28-->src/main/AndroidManifest.xml:21:5-81
28-->src/main/AndroidManifest.xml:21:22-78
29
30    <permission
30-->[androidx.core:core:1.9.0] AndroidManifest.xml:22:5-24:47
31        android:name="com.example.weboverlay.DYNAMIC_RECEIVER_NOT_EXPORTED_PERMISSION"
31-->[androidx.core:core:1.9.0] AndroidManifest.xml:23:9-81
32        android:protectionLevel="signature" />
32-->[androidx.core:core:1.9.0] AndroidManifest.xml:24:9-44
33
34    <uses-permission android:name="com.example.weboverlay.DYNAMIC_RECEIVER_NOT_EXPORTED_PERMISSION" />
34-->[androidx.core:core:1.9.0] AndroidManifest.xml:26:5-97
34-->[androidx.core:core:1.9.0] AndroidManifest.xml:26:22-94
35
36    <application
36-->src/main/AndroidManifest.xml:23:5-78:19
37        android:allowBackup="true"
37-->src/main/AndroidManifest.xml:24:9-35
38        android:appComponentFactory="androidx.core.app.CoreComponentFactory"
38-->[androidx.core:core:1.9.0] AndroidManifest.xml:28:18-86
39        android:debuggable="true"
40        android:extractNativeLibs="false"
41        android:icon="@mipmap/ic_launcher"
41-->src/main/AndroidManifest.xml:25:9-43
42        android:label="@string/app_name"
42-->src/main/AndroidManifest.xml:26:9-41
43        android:roundIcon="@mipmap/ic_launcher_round"
43-->src/main/AndroidManifest.xml:27:9-54
44        android:supportsRtl="true"
44-->src/main/AndroidManifest.xml:28:9-35
45        android:theme="@style/AppTheme"
45-->src/main/AndroidManifest.xml:29:9-40
46        android:usesCleartextTraffic="true" >
46-->src/main/AndroidManifest.xml:30:9-44
47
48        <!-- Main activity -->
49        <activity
49-->src/main/AndroidManifest.xml:33:9-41:20
50            android:name="com.example.weboverlay.MainActivity"
50-->src/main/AndroidManifest.xml:34:13-41
51            android:exported="true"
51-->src/main/AndroidManifest.xml:35:13-36
52            android:launchMode="singleTop" >
52-->src/main/AndroidManifest.xml:36:13-43
53            <intent-filter>
53-->src/main/AndroidManifest.xml:37:13-40:29
54                <action android:name="android.intent.action.MAIN" />
54-->src/main/AndroidManifest.xml:38:17-69
54-->src/main/AndroidManifest.xml:38:25-66
55
56                <category android:name="android.intent.category.LAUNCHER" />
56-->src/main/AndroidManifest.xml:39:17-77
56-->src/main/AndroidManifest.xml:39:27-74
57            </intent-filter>
58        </activity>
59
60        <!-- Settings activity -->
61        <activity
61-->src/main/AndroidManifest.xml:44:9-52:20
62            android:name="com.example.weboverlay.SettingsActivity"
62-->src/main/AndroidManifest.xml:45:13-45
63            android:exported="false"
63-->src/main/AndroidManifest.xml:47:13-37
64            android:label="@string/settings_title"
64-->src/main/AndroidManifest.xml:46:13-51
65            android:parentActivityName="com.example.weboverlay.MainActivity" >
65-->src/main/AndroidManifest.xml:48:13-55
66            <meta-data
66-->src/main/AndroidManifest.xml:49:13-51:49
67                android:name="android.support.PARENT_ACTIVITY"
67-->src/main/AndroidManifest.xml:50:17-63
68                android:value=".MainActivity" />
68-->src/main/AndroidManifest.xml:51:17-46
69        </activity>
70
71        <!-- Overlay service -->
72        <service
72-->src/main/AndroidManifest.xml:55:9-59:63
73            android:name="com.example.weboverlay.OverlayService"
73-->src/main/AndroidManifest.xml:56:13-43
74            android:enabled="true"
74-->src/main/AndroidManifest.xml:57:13-35
75            android:exported="false"
75-->src/main/AndroidManifest.xml:58:13-37
76            android:foregroundServiceType="mediaProjection" />
76-->src/main/AndroidManifest.xml:59:13-60
77
78        <!-- Camera service for HDMI capture -->
79        <service
79-->src/main/AndroidManifest.xml:62:9-66:54
80            android:name="com.example.weboverlay.CameraService"
80-->src/main/AndroidManifest.xml:63:13-42
81            android:enabled="true"
81-->src/main/AndroidManifest.xml:64:13-35
82            android:exported="false"
82-->src/main/AndroidManifest.xml:65:13-37
83            android:foregroundServiceType="camera" />
83-->src/main/AndroidManifest.xml:66:13-51
84
85        <!-- Boot receiver to start service on device boot -->
86        <receiver
86-->src/main/AndroidManifest.xml:69:9-76:20
87            android:name="com.example.weboverlay.BootReceiver"
87-->src/main/AndroidManifest.xml:70:13-41
88            android:enabled="true"
88-->src/main/AndroidManifest.xml:71:13-35
89            android:exported="true" >
89-->src/main/AndroidManifest.xml:72:13-36
90            <intent-filter>
90-->src/main/AndroidManifest.xml:73:13-75:29
91                <action android:name="android.intent.action.BOOT_COMPLETED" />
91-->src/main/AndroidManifest.xml:74:17-79
91-->src/main/AndroidManifest.xml:74:25-76
92            </intent-filter>
93        </receiver>
94
95        <provider
95-->[androidx.emoji2:emoji2:1.2.0] AndroidManifest.xml:24:9-32:20
96            android:name="androidx.startup.InitializationProvider"
96-->[androidx.emoji2:emoji2:1.2.0] AndroidManifest.xml:25:13-67
97            android:authorities="com.example.weboverlay.androidx-startup"
97-->[androidx.emoji2:emoji2:1.2.0] AndroidManifest.xml:26:13-68
98            android:exported="false" >
98-->[androidx.emoji2:emoji2:1.2.0] AndroidManifest.xml:27:13-37
99            <meta-data
99-->[androidx.emoji2:emoji2:1.2.0] AndroidManifest.xml:29:13-31:52
100                android:name="androidx.emoji2.text.EmojiCompatInitializer"
100-->[androidx.emoji2:emoji2:1.2.0] AndroidManifest.xml:30:17-75
101                android:value="androidx.startup" />
101-->[androidx.emoji2:emoji2:1.2.0] AndroidManifest.xml:31:17-49
102            <meta-data
102-->[androidx.lifecycle:lifecycle-process:2.4.1] AndroidManifest.xml:31:13-33:52
103                android:name="androidx.lifecycle.ProcessLifecycleInitializer"
103-->[androidx.lifecycle:lifecycle-process:2.4.1] AndroidManifest.xml:32:17-78
104                android:value="androidx.startup" />
104-->[androidx.lifecycle:lifecycle-process:2.4.1] AndroidManifest.xml:33:17-49
105        </provider>
106
107        <uses-library
107-->[androidx.window:window:1.0.0] AndroidManifest.xml:25:9-27:40
108            android:name="androidx.window.extensions"
108-->[androidx.window:window:1.0.0] AndroidManifest.xml:26:13-54
109            android:required="false" />
109-->[androidx.window:window:1.0.0] AndroidManifest.xml:27:13-37
110        <uses-library
110-->[androidx.window:window:1.0.0] AndroidManifest.xml:28:9-30:40
111            android:name="androidx.window.sidecar"
111-->[androidx.window:window:1.0.0] AndroidManifest.xml:29:13-51
112            android:required="false" />
112-->[androidx.window:window:1.0.0] AndroidManifest.xml:30:13-37
113    </application>
114
115</manifest>